  Building GameAssembly.dll with MsvcWinRtToolChain
  	Msvc Install Version: 15.0
  	Msvc Install SDK Directory: C:\Program Files (x86)\Windows Kits\10
  	Msvc Linker Path: C:\Program Files (x86)\Microsoft Visual Studio\2019\Community\VC\Tools\MSVC\14.27.29110\bin\HostX64\x86\link.exe
  	Msvc Compiler Path: C:\Program Files (x86)\Microsoft Visual Studio\2019\Community\VC\Tools\MSVC\14.27.29110\bin\HostX64\x86\cl.exe
  
  	Output directory: C:\Users\tpura\Desktop\Unity Projects\AR-NailedIt-App\AR-NailedIt-App-integration-hololens\build_cylinder\build\bin\Win32\Release
  	Cache directory: C:\Users\tpura\Desktop\Unity Projects\AR-NailedIt-App\AR-NailedIt-App-integration-hololens\build_cylinder\build\obj\il2cppOutputProject\Win32\Release
  Il2CppGenericMethodPointerTable.cpp
  Il2CppMetadataUsage.c
  Il2CppGenericMethodDefinitions.c
  Il2CppCompilerCalculateTypeValues2.cpp
  Il2CppGenericMethodTable.c
  Il2CppCompilerCalculateTypeValues1.cpp
  Il2CppCompilerCalculateTypeValues.cpp
  Il2CppTypeDefinitions.c
  mscorlib_CodeGen.c
  Il2CppGenericClassTable.c
  Il2CppInvokerTable.cpp
  Il2CppAttributes.cpp
  Unity.TextMeshPro.cpp
  GenericMethods7.cpp
  GenericMethods1.cpp
  Assembly-CSharp-firstpass2.cpp
  Assembly-CSharp-firstpass9.cpp
  UnityEngine.UIElementsModule.cpp
  mscorlib4.cpp
  Assembly-CSharp-firstpass7.cpp
  Vuforia.UnityExtensions2.cpp
  Unity.TextMeshPro1.cpp
  Vuforia.UnityExtensions3.cpp
  mscorlib5.cpp
  mscorlib3.cpp
  Assembly-CSharp-firstpass8.cpp
  Assembly-CSharp-firstpass5.cpp
  UnityEngine.UI.cpp
  Assembly-CSharp-firstpass3.cpp
  mscorlib19.cpp
  Vuforia.UnityExtensions.cpp
  mscorlib11.cpp
  Mirror1.cpp
  Generics3.cpp
  Generics17.cpp
  Il2CppGenericInstDefinitions.c
  GenericMethods5.cpp
  Assembly-CSharp-firstpass4.cpp
  Vuforia.UnityExtensions1.cpp
  GenericMethods8.cpp
  mscorlib8.cpp
  mscorlib14.cpp
  Mirror.cpp
  Generics4.cpp
  mscorlib2.cpp
  mscorlib13.cpp
  mscorlib12.cpp
  Generics8.cpp
  Unity.TextMeshPro2.cpp
  mscorlib16.cpp
  mscorlib7.cpp
  Generics2.cpp
  System.cpp
  System1.cpp
  System2.cpp
  UnityEngine.UI1.cpp
  Ninja.WebSockets.cpp
  GenericMethods4.cpp
  mscorlib1.cpp
  mscorlib.cpp
  Assembly-CSharp.cpp
  mscorlib18.cpp
  UnityEngine.UI2.cpp
  Assembly-CSharp-firstpass.cpp
  mscorlib10.cpp
  Generics10.cpp
  Generics9.cpp
  UnityEngine.CoreModule.cpp
  UnityEngine.CoreModule1.cpp
  GenericMethods6.cpp
  Assembly-CSharp-firstpass1.cpp
  Assembly-CSharp-firstpass6.cpp
  System3.cpp
  mscorlib9.cpp
  mscorlib17.cpp
  Generics31.cpp
  Generics22.cpp
  mscorlib6.cpp
  Generics32.cpp
  Generics30.cpp
  Generics33.cpp
  GenericMethods2.cpp
  Generics26.cpp
  Generics11.cpp
  System4.cpp
  UnityEngine.IMGUIModule.cpp
  GenericMethods.cpp
  Generics.cpp
  Assembly-CSharp-firstpass_CodeGen.c
  GenericMethods3.cpp
  mscorlib15.cpp
  Generics1.cpp
  Mirror.Examples.cpp
  Generics29.cpp
  Unity.TextMeshPro3.cpp
  Generics14.cpp
  Mono.Security.cpp
  Generics12.cpp
  Generics21.cpp
  Generics16.cpp
  Generics13.cpp
  Generics18.cpp
  Generics5.cpp
  mscorlib20.cpp
  Generics28.cpp
  Generics25.cpp
  Generics23.cpp
  Generics24.cpp
  Generics20.cpp
  Generics15.cpp
  Mirror.Components.cpp
  Generics19.cpp
  Generics7.cpp
  Generics6.cpp
  Vuforia.UnityExtensions4.cpp
  Vuforia.UnityExtensions_CodeGen.c
  I18N.Rare.cpp
  SimpleFileBrowser.Runtime.cpp
  Il2CppCompilerCalculateTypeValuesTable.cpp
  UnityEngine.CoreModule2.cpp
  System_CodeGen.c
  GenericMethods9.cpp
  UnresolvedVirtualCallStubs.cpp
  Generics27.cpp
  UnityEngine.UI3.cpp
  UnityEngine.VRModule.cpp
  UnityEngine.CoreModule_CodeGen.c
  I18N.CJK.cpp
  Assembly-CSharp-firstpass10.cpp
  I18N.West.cpp
  UnityEngine.AndroidJNIModule.cpp
  UnityEngine.UI_CodeGen.c
  Unity.TextMeshPro_CodeGen.c
  char-conversions.cpp
  I18N.Rare1.cpp
  I18N.cpp
  System5.cpp
  Mirror2.cpp
  I18N.Other.cpp
  UnityEngine.TextCoreModule.cpp
  UnityEngine.UnityWebRequestModule.cpp
  UnityEngine.UNETModule.cpp
  UnityEngine.IMGUIModule1.cpp
  Il2CppInteropDataTable.cpp
  VuforiaScripts.cpp
  UnityEngine.AnimationModule.cpp
  System.Core.cpp
  Mirror_CodeGen.c
  UnityEngine.TerrainModule.cpp
  I18N.MidEast.cpp
  UnityEngine.UIElementsModule1.cpp
  UnityEngine.UIElementsModule_CodeGen.c
  UnityEngine.XRModule.cpp
  UnityEngine.Physics2DModule.cpp
  UnityEngine.TextRenderingModule.cpp
  UnityEngine.UIModule.cpp
  UnityEngine.PhysicsModule.cpp
  UnityEngine.IMGUIModule_CodeGen.c
  UnityEngine.SharedInternalsModule.cpp
  Mirror.Authenticators.cpp
  Ninja.WebSockets_CodeGen.c
  Mono.Security_CodeGen.c
  Mirror.Examples_CodeGen.c
  UnityEngine.InputLegacyModule.cpp
  UnityEngine.AudioModule.cpp
  UnityEngine.SubsystemsModule.cpp
  Mirror.Components_CodeGen.c
  UnityEngine.TilemapModule.cpp
  Assembly-CSharp_CodeGen.c
  UnityEngine.VideoModule.cpp
  UnityEngine.ParticleSystemModule.cpp
  I18N.Rare_CodeGen.c
  deflate.c
  UnityEngine.VRModule_CodeGen.c
  System.Core_CodeGen.c
  UnityEngine.AndroidJNIModule_CodeGen.c
  UnityEngine.UnityAnalyticsModule.cpp
  SimpleFileBrowser.Runtime_CodeGen.c
  inflate.c
  UnityEngine.VFXModule.cpp
  System.Configuration.cpp
  I18N.CJK_CodeGen.c
  trees.c
  UnityEngine.InputModule.cpp
  UnityEngine.UNETModule_CodeGen.c
  UnityEngine.AIModule.cpp
  UnityEngine.UnityWebRequestWWWModule.cpp
  UnityEngine.TextCoreModule_CodeGen.c
  Generics34.cpp
  xamarin_getifaddrs.c
  UnityEngine.AnimationModule_CodeGen.c
  I18N_CodeGen.c
  UnityEngine.UIModule_CodeGen.c
  UnityEngine.PhysicsModule_CodeGen.c
  I18N.West_CodeGen.c
  UnityEngine.AssetBundleModule.cpp
  UnityEngine.Physics2DModule_CodeGen.c
  infback.c
  UnityEngine.UnityWebRequestModule_CodeGen.c
  il2cpp-api.cpp
  I18N.Other_CodeGen.c
  gzread.c
  UnityEngine.DirectorModule.cpp
  UnityEngine.SharedInternalsModule_CodeGen.c
  gzwrite.c
  gzlib.c
  UnityEngine.TextRenderingModule_CodeGen.c
  UnityEngine.TerrainModule_CodeGen.c
  UnityEngine.XRModule_CodeGen.c
  crc32.c
  inftrees.c
  VetAR_BluetoothManager.cpp
  inffast.c
  UnityEngine.InputLegacyModule_CodeGen.c
  UnityEngine.AudioModule_CodeGen.c
  I18N.MidEast_CodeGen.c
  Mirror.Authenticators_CodeGen.c
  UnityEngine.TilemapModule_CodeGen.c
  VuforiaScripts_CodeGen.c
  UnityEngine.VideoModule_CodeGen.c
  UnityEngine.ParticleSystemModule_CodeGen.c
  UnityEngine.ImageConversionModule.cpp
  Il2CppReversePInvokeWrapperTable.cpp
  Il2CppCodeRegistration.cpp
  UnityEngine.SubsystemsModule_CodeGen.c
  UnityEngine.UnityAnalyticsModule_CodeGen.c
  zutil.c
  System.Configuration_CodeGen.c
  adler32.c
  UnityEngine.GridModule.cpp
  System.Xml.cpp
  UnityEngine.TerrainPhysicsModule.cpp
  UnityEngine.VFXModule_CodeGen.c
  UnityEngine.InputModule_CodeGen.c
  uncompr.c
  UnityEngine.AIModule_CodeGen.c
  compress.c
  UnityEngine.UnityWebRequestWWWModule_CodeGen.c
  Lump_libil2cpp_icalls.cpp
  UnityAdsStubs.cpp
  krait_signal_handler.c
  UnityEngine.DirectorModule_CodeGen.c
  VetAR_BluetoothManager_CodeGen.c
  Lump_libil2cpp_metadata.cpp
  Lump_libil2cpp_utils.cpp
  Il2CppMetadataRegistration.c
  UnityEngine.ImageConversionModule_CodeGen.c
  UnityEngine.GridModule_CodeGen.c
  UnityEngine.cpp
  System.Xml_CodeGen.c
  il2cpp-benchmark-support.cpp
  gc.c
  gzclose.c
  Lump_libil2cpp_vm-utils.cpp
  UnityEngine.TerrainPhysicsModule_CodeGen.c
  UnityEngine.AssetBundleModule_CodeGen.c
  UnityEngine_CodeGen.c
  Lump_libil2cpp_gc.cpp
  Lump_libil2cpp_mono-runtime.cpp
  Lump_libil2cpp_mono.cpp
  Lump_libil2cpp_debugger.cpp
  il2cpp-runtime-stats.cpp
  Il2CppGenericComDefinitions.cpp
  Lump_libil2cpp_codegen.cpp
  Lump_libil2cpp_os.cpp
  Lump_libil2cpp_vm.cpp
  ObjectFiles: 266 of which compiled: 266
  	Time Compile: 20384 milliseconds Unity.TextMeshPro2.cpp
  	Time Compile: 19175 milliseconds Unity.TextMeshPro3.cpp
  	Time Compile: 14328 milliseconds System3.cpp
  	Time Compile: 13440 milliseconds mscorlib6.cpp
  	Time Compile: 12507 milliseconds Unity.TextMeshPro1.cpp
  	Time Compile: 12362 milliseconds Lump_libil2cpp_os.cpp
  	Time Compile: 10717 milliseconds Lump_libil2cpp_vm.cpp
  	Time Compile: 9052 milliseconds mscorlib4.cpp
  	Time Compile: 6747 milliseconds Il2CppAttributes.cpp
  	Time Compile: 6661 milliseconds Assembly-CSharp-firstpass9.cpp
  Total compilation time: 100759 milliseconds.
  Creating library C:\Users\tpura\Desktop\Unity Projects\AR-NailedIt-App\AR-NailedIt-App-integration-hololens\build_cylinder\build\obj\il2cppOutputProject\Win32\Release\linkresult_A683B23176AB7B3B39743B3811B169AD\GameAssembly.lib and object C:\Users\tpura\Desktop\Unity Projects\AR-NailedIt-App\AR-NailedIt-App-integration-hololens\build_cylinder\build\obj\il2cppOutputProject\Win32\Release\linkresult_A683B23176AB7B3B39743B3811B169AD\GameAssembly.exp
  Total link time: 3259 milliseconds.
  Cleaned up 2 object files.
